"2018-04-14 11:34:52 [main] INFO  naakcii.by.api.APIApplication - Starting APIApplication on MICROSOFT-PC with PID 5504 (D:\Лаба\CODE\naakcii\api\target\classes started by Александр in D:\Лаба\CODE\naakcii\api)
""2018-04-14 11:34:52 [main] DEBUG naakcii.by.api.APIApplication - Running with Spring Boot v2.0.0.RELEASE, Spring v5.0.4.RELEASE
""2018-04-14 11:34:52 [main] INFO  naakcii.by.api.APIApplication - No active profile set, falling back to default profiles: default
""2018-04-14 11:34:52 [main] INFO  o.s.b.w.s.c.AnnotationConfigServletWebServerApplicationContext - Refreshing org.springframework.boot.web.servlet.context.AnnotationConfigServletWebServerApplicationContext@7776ab: startup date [Sat Apr 14 11:34:52 MSK 2018]; root of context hierarchy
""2018-04-14 11:34:53 [main] INFO  o.s.c.s.PostProcessorRegistrationDelegate$BeanPostProcessorChecker - Bean 'org.springframework.transaction.annotation.ProxyTransactionManagementConfiguration' of type [org.springframework.transaction.annotation.ProxyTransactionManagementConfiguration$$EnhancerBySpringCGLIB$$8258eb25] is not eligible for getting processed by all BeanPostProcessors (for example: not eligible for auto-proxying)
""2018-04-14 11:34:54 [main] INFO  o.s.b.w.e.tomcat.TomcatWebServer - Tomcat initialized with port(s): 8080 (http)
""2018-04-14 11:34:54 [main] INFO  o.a.catalina.core.StandardService - Starting service [Tomcat]
""2018-04-14 11:34:54 [main] INFO  o.a.catalina.core.StandardEngine - Starting Servlet Engine: Apache Tomcat/8.5.28
""2018-04-14 11:34:54 [localhost-startStop-1] INFO  o.a.c.core.AprLifecycleListener - The APR based Apache Tomcat Native library which allows optimal performance in production environments was not found on the java.library.path: [C:\Program Files\Java\jdk-9.0.1\bin;C:\Windows\Sun\Java\bin;C:\Windows\system32;C:\Windows;D:\opt\apache-maven-3.5.2\\bin;C:\ProgramData\Oracle\Java\javapath;C:\Windows\system32;C:\Windows;C:\Windows\System32\Wbem;C:\Windows\System32\WindowsPowerShell\v1.0\;C:\Program Files (x86)\NVIDIA Corporation\PhysX\Common;C:\Program Files\Intel\WiFi\bin\;C:\Program Files\Common Files\Intel\WirelessCommon\;C:\Program Files\nodejs\;C:\Program Files\Java\jdk-9.0.1\bin;C:\Program Files\Git\cmd;C:\Program Files\Intel\WiFi\bin\;C:\Program Files\Common Files\Intel\WirelessCommon\;C:\Users\Александр\AppData\Roaming\npm;C:\Program Files\Java\jdk-9.0.1\bin;D:\opt\apache-maven-3.5.2\\bin;C:\Program Files\Heroku\bin;.]
""2018-04-14 11:34:54 [localhost-startStop-1] INFO  o.a.c.c.C.[Tomcat].[localhost].[/] - Initializing Spring embedded WebApplicationContext
""2018-04-14 11:34:54 [localhost-startStop-1] INFO  o.s.b.w.s.ServletRegistrationBean - Servlet dispatcherServlet mapped to [/]
""2018-04-14 11:34:54 [localhost-startStop-1] INFO  o.s.b.w.s.FilterRegistrationBean - Mapping filter: 'characterEncodingFilter' to: [/*]
""2018-04-14 11:34:54 [localhost-startStop-1] INFO  o.s.b.w.s.FilterRegistrationBean - Mapping filter: 'hiddenHttpMethodFilter' to: [/*]
""2018-04-14 11:34:54 [localhost-startStop-1] INFO  o.s.b.w.s.FilterRegistrationBean - Mapping filter: 'httpPutFormContentFilter' to: [/*]
""2018-04-14 11:34:54 [localhost-startStop-1] INFO  o.s.b.w.s.FilterRegistrationBean - Mapping filter: 'requestContextFilter' to: [/*]
""2018-04-14 11:34:54 [main] INFO  com.zaxxer.hikari.HikariDataSource - HikariPool-1 - Starting...
""2018-04-14 11:34:54 [main] INFO  com.zaxxer.hikari.HikariDataSource - HikariPool-1 - Start completed.
""2018-04-14 11:34:54 [main] INFO  o.s.o.j.LocalContainerEntityManagerFactoryBean - Building JPA container EntityManagerFactory for persistence unit 'default'
""2018-04-14 11:34:54 [main] INFO  o.h.jpa.internal.util.LogHelper - HHH000204: Processing PersistenceUnitInfo [
	name: default
	...]
""2018-04-14 11:34:54 [main] INFO  org.hibernate.Version - HHH000412: Hibernate Core {5.2.14.Final}
""2018-04-14 11:34:54 [main] INFO  org.hibernate.cfg.Environment - HHH000206: hibernate.properties not found
""2018-04-14 11:34:55 [main] INFO  o.h.annotations.common.Version - HCANN000001: Hibernate Commons Annotations {5.0.1.Final}
""2018-04-14 11:34:55 [main] INFO  org.hibernate.dialect.Dialect - HHH000400: Using dialect: org.hibernate.dialect.MySQL5Dialect
""2018-04-14 11:34:56 [main] INFO  o.h.h.i.QueryTranslatorFactoryInitiator - HHH000397: Using ASTQueryTranslatorFactory
""2018-04-14 11:34:56 [main] INFO  o.s.o.j.LocalContainerEntityManagerFactoryBean - Initialized JPA EntityManagerFactory for persistence unit 'default'
""2018-04-14 11:34:56 [main] WARN  o.s.b.a.o.j.JpaBaseConfiguration$JpaWebConfiguration$JpaWebMvcConfiguration - spring.jpa.open-in-view is enabled by default. Therefore, database queries may be performed during view rendering. Explicitly configure spring.jpa.open-in-view to disable this warning
""2018-04-14 11:34:57 [main] INFO  o.s.j.e.a.AnnotationMBeanExporter - Registering beans for JMX exposure on startup
""2018-04-14 11:34:57 [main] INFO  o.s.j.e.a.AnnotationMBeanExporter - Bean with name 'dataSource' has been autodetected for JMX exposure
""2018-04-14 11:34:57 [main] INFO  o.s.j.e.a.AnnotationMBeanExporter - Located MBean 'dataSource': registering with JMX server as MBean [com.zaxxer.hikari:name=dataSource,type=HikariDataSource]
""2018-04-14 11:34:57 [main] INFO  o.s.b.w.e.tomcat.TomcatWebServer - Tomcat started on port(s): 8080 (http) with context path ''
""2018-04-14 11:34:57 [main] INFO  naakcii.by.api.APIApplication - Started APIApplication in 5.005 seconds (JVM running for 6.03)
""2018-04-14 11:35:18 [http-nio-8080-exec-1] INFO  o.a.c.c.C.[Tomcat].[localhost].[/] - Initializing Spring FrameworkServlet 'dispatcherServlet'
""2018-04-14 11:45:11 [main] INFO  naakcii.by.api.APIApplication - Starting APIApplication on MICROSOFT-PC with PID 7448 (D:\Лаба\CODE\naakcii\api\target\classes started by Александр in D:\Лаба\CODE\naakcii\api)
""2018-04-14 11:45:11 [main] DEBUG naakcii.by.api.APIApplication - Running with Spring Boot v2.0.0.RELEASE, Spring v5.0.4.RELEASE
""2018-04-14 11:45:11 [main] INFO  naakcii.by.api.APIApplication - No active profile set, falling back to default profiles: default
""2018-04-14 11:45:11 [main] INFO  o.s.b.w.s.c.AnnotationConfigServletWebServerApplicationContext - Refreshing org.springframework.boot.web.servlet.context.AnnotationConfigServletWebServerApplicationContext@7776ab: startup date [Sat Apr 14 11:45:11 MSK 2018]; root of context hierarchy
""2018-04-14 11:45:12 [main] INFO  o.s.c.s.PostProcessorRegistrationDelegate$BeanPostProcessorChecker - Bean 'org.springframework.transaction.annotation.ProxyTransactionManagementConfiguration' of type [org.springframework.transaction.annotation.ProxyTransactionManagementConfiguration$$EnhancerBySpringCGLIB$$6fd8ccf1] is not eligible for getting processed by all BeanPostProcessors (for example: not eligible for auto-proxying)
""2018-04-14 11:45:12 [main] INFO  o.s.b.w.e.tomcat.TomcatWebServer - Tomcat initialized with port(s): 8080 (http)
""2018-04-14 11:45:12 [main] INFO  o.a.catalina.core.StandardService - Starting service [Tomcat]
""2018-04-14 11:45:12 [main] INFO  o.a.catalina.core.StandardEngine - Starting Servlet Engine: Apache Tomcat/8.5.28
""2018-04-14 11:45:12 [localhost-startStop-1] INFO  o.a.c.core.AprLifecycleListener - The APR based Apache Tomcat Native library which allows optimal performance in production environments was not found on the java.library.path: [C:\Program Files\Java\jdk-9.0.1\bin;C:\Windows\Sun\Java\bin;C:\Windows\system32;C:\Windows;D:\opt\apache-maven-3.5.2\\bin;C:\ProgramData\Oracle\Java\javapath;C:\Windows\system32;C:\Windows;C:\Windows\System32\Wbem;C:\Windows\System32\WindowsPowerShell\v1.0\;C:\Program Files (x86)\NVIDIA Corporation\PhysX\Common;C:\Program Files\Intel\WiFi\bin\;C:\Program Files\Common Files\Intel\WirelessCommon\;C:\Program Files\nodejs\;C:\Program Files\Java\jdk-9.0.1\bin;C:\Program Files\Git\cmd;C:\Program Files\Intel\WiFi\bin\;C:\Program Files\Common Files\Intel\WirelessCommon\;C:\Users\Александр\AppData\Roaming\npm;C:\Program Files\Java\jdk-9.0.1\bin;D:\opt\apache-maven-3.5.2\\bin;C:\Program Files\Heroku\bin;.]
""2018-04-14 11:45:13 [localhost-startStop-1] INFO  o.a.c.c.C.[Tomcat].[localhost].[/] - Initializing Spring embedded WebApplicationContext
""2018-04-14 11:45:13 [localhost-startStop-1] INFO  o.s.b.w.s.ServletRegistrationBean - Servlet dispatcherServlet mapped to [/]
""2018-04-14 11:45:13 [localhost-startStop-1] INFO  o.s.b.w.s.FilterRegistrationBean - Mapping filter: 'characterEncodingFilter' to: [/*]
""2018-04-14 11:45:13 [localhost-startStop-1] INFO  o.s.b.w.s.FilterRegistrationBean - Mapping filter: 'hiddenHttpMethodFilter' to: [/*]
""2018-04-14 11:45:13 [localhost-startStop-1] INFO  o.s.b.w.s.FilterRegistrationBean - Mapping filter: 'httpPutFormContentFilter' to: [/*]
""2018-04-14 11:45:13 [localhost-startStop-1] INFO  o.s.b.w.s.FilterRegistrationBean - Mapping filter: 'requestContextFilter' to: [/*]
""2018-04-14 11:45:13 [main] INFO  com.zaxxer.hikari.HikariDataSource - HikariPool-1 - Starting...
""2018-04-14 11:45:13 [main] INFO  com.zaxxer.hikari.HikariDataSource - HikariPool-1 - Start completed.
""2018-04-14 11:45:13 [main] INFO  o.s.o.j.LocalContainerEntityManagerFactoryBean - Building JPA container EntityManagerFactory for persistence unit 'default'
""2018-04-14 11:45:13 [main] INFO  o.h.jpa.internal.util.LogHelper - HHH000204: Processing PersistenceUnitInfo [
	name: default
	...]
""2018-04-14 11:45:13 [main] INFO  org.hibernate.Version - HHH000412: Hibernate Core {5.2.14.Final}
""2018-04-14 11:45:13 [main] INFO  org.hibernate.cfg.Environment - HHH000206: hibernate.properties not found
""2018-04-14 11:45:13 [main] INFO  o.h.annotations.common.Version - HCANN000001: Hibernate Commons Annotations {5.0.1.Final}
""2018-04-14 11:45:13 [main] INFO  org.hibernate.dialect.Dialect - HHH000400: Using dialect: org.hibernate.dialect.MySQL5Dialect
""2018-04-14 11:45:15 [main] INFO  o.h.h.i.QueryTranslatorFactoryInitiator - HHH000397: Using ASTQueryTranslatorFactory
""2018-04-14 11:45:15 [main] INFO  o.s.o.j.LocalContainerEntityManagerFactoryBean - Initialized JPA EntityManagerFactory for persistence unit 'default'
""2018-04-14 11:45:15 [main] WARN  o.s.b.a.o.j.JpaBaseConfiguration$JpaWebConfiguration$JpaWebMvcConfiguration - spring.jpa.open-in-view is enabled by default. Therefore, database queries may be performed during view rendering. Explicitly configure spring.jpa.open-in-view to disable this warning
""2018-04-14 11:45:16 [main] INFO  o.s.j.e.a.AnnotationMBeanExporter - Registering beans for JMX exposure on startup
""2018-04-14 11:45:16 [main] INFO  o.s.j.e.a.AnnotationMBeanExporter - Bean with name 'dataSource' has been autodetected for JMX exposure
""2018-04-14 11:45:16 [main] INFO  o.s.j.e.a.AnnotationMBeanExporter - Located MBean 'dataSource': registering with JMX server as MBean [com.zaxxer.hikari:name=dataSource,type=HikariDataSource]
""2018-04-14 11:45:16 [main] INFO  o.s.b.w.e.tomcat.TomcatWebServer - Tomcat started on port(s): 8080 (http) with context path ''
""2018-04-14 11:45:16 [main] INFO  naakcii.by.api.APIApplication - Started APIApplication in 5.618 seconds (JVM running for 6.862)
"